Determining if the pthread_create exist failed with the following output:
Change Dir: /home/nvidia/Documents/SummerResearch-2018/Facial_Recognition/NeuralNetwork/CMakeFiles/CMakeTmp

Run Build Command:"/usr/bin/make" "cmTC_5a492/fast"
/usr/bin/make -f CMakeFiles/cmTC_5a492.dir/build.make CMakeFiles/cmTC_5a492.dir/build
make[1]: Entering directory '/home/nvidia/Documents/SummerResearch-2018/Facial_Recognition/NeuralNetwork/CMakeFiles/CMakeTmp'
Building C object CMakeFiles/cmTC_5a492.dir/CheckSymbolExists.c.o
/usr/bin/cc    -fPIC    -o CMakeFiles/cmTC_5a492.dir/CheckSymbolExists.c.o   -c /home/nvidia/Documents/SummerResearch-2018/Facial_Recognition/NeuralNetwork/CMakeFiles/CMakeTmp/CheckSymbolExists.c
Linking C executable cmTC_5a492
/usr/bin/cmake -E cmake_link_script CMakeFiles/cmTC_5a492.dir/link.txt --verbose=1
/usr/bin/cc  -fPIC     CMakeFiles/cmTC_5a492.dir/CheckSymbolExists.c.o  -o cmTC_5a492 -rdynamic 
CMakeFiles/cmTC_5a492.dir/CheckSymbolExists.c.o: In function `main':
CheckSymbolExists.c:(.text+0x14): undefined reference to `pthread_create'
CheckSymbolExists.c:(.text+0x18): undefined reference to `pthread_create'
collect2: error: ld returned 1 exit status
CMakeFiles/cmTC_5a492.dir/build.make:97: recipe for target 'cmTC_5a492' failed
make[1]: *** [cmTC_5a492] Error 1
make[1]: Leaving directory '/home/nvidia/Documents/SummerResearch-2018/Facial_Recognition/NeuralNetwork/CMakeFiles/CMakeTmp'
Makefile:126: recipe for target 'cmTC_5a492/fast' failed
make: *** [cmTC_5a492/fast] Error 2

File /home/nvidia/Documents/SummerResearch-2018/Facial_Recognition/NeuralNetwork/CMakeFiles/CMakeTmp/CheckSymbolExists.c:
/* */
#include <pthread.h>

int main(int argc, char** argv)
{
  (void)argv;
#ifndef pthread_create
  return ((int*)(&pthread_create))[argc];
#else
  (void)argc;
  return 0;
#endif
}

Determining if the function pthread_create exists in the pthreads failed with the following output:
Change Dir: /home/nvidia/Documents/SummerResearch-2018/Facial_Recognition/NeuralNetwork/CMakeFiles/CMakeTmp

Run Build Command:"/usr/bin/make" "cmTC_24e22/fast"
/usr/bin/make -f CMakeFiles/cmTC_24e22.dir/build.make CMakeFiles/cmTC_24e22.dir/build
make[1]: Entering directory '/home/nvidia/Documents/SummerResearch-2018/Facial_Recognition/NeuralNetwork/CMakeFiles/CMakeTmp'
Building C object CMakeFiles/cmTC_24e22.dir/CheckFunctionExists.c.o
/usr/bin/cc    -fPIC -DCHECK_FUNCTION_EXISTS=pthread_create   -o CMakeFiles/cmTC_24e22.dir/CheckFunctionExists.c.o   -c /usr/share/cmake-3.5/Modules/CheckFunctionExists.c
Linking C executable cmTC_24e22
/usr/bin/cmake -E cmake_link_script CMakeFiles/cmTC_24e22.dir/link.txt --verbose=1
/usr/bin/cc  -fPIC -DCHECK_FUNCTION_EXISTS=pthread_create    CMakeFiles/cmTC_24e22.dir/CheckFunctionExists.c.o  -o cmTC_24e22 -rdynamic -lpthreads 
/usr/bin/ld: cannot find -lpthreads
collect2: error: ld returned 1 exit status
CMakeFiles/cmTC_24e22.dir/build.make:97: recipe for target 'cmTC_24e22' failed
make[1]: *** [cmTC_24e22] Error 1
make[1]: Leaving directory '/home/nvidia/Documents/SummerResearch-2018/Facial_Recognition/NeuralNetwork/CMakeFiles/CMakeTmp'
Makefile:126: recipe for target 'cmTC_24e22/fast' failed
make: *** [cmTC_24e22/fast] Error 2


