Determining if the pthread_create exist failed with the following output:
Change Dir: /home/nvidia/Documents/SummerResearch-2018/Facial Recognition/CMakeFiles/CMakeTmp

Run Build Command:"/usr/bin/make" "cmTC_12cdc/fast"
/usr/bin/make -f CMakeFiles/cmTC_12cdc.dir/build.make CMakeFiles/cmTC_12cdc.dir/build
make[1]: Entering directory '/home/nvidia/Documents/SummerResearch-2018/Facial Recognition/CMakeFiles/CMakeTmp'
Building C object CMakeFiles/cmTC_12cdc.dir/CheckSymbolExists.c.o
/usr/bin/cc    -fPIC    -o CMakeFiles/cmTC_12cdc.dir/CheckSymbolExists.c.o   -c "/home/nvidia/Documents/SummerResearch-2018/Facial Recognition/CMakeFiles/CMakeTmp/CheckSymbolExists.c"
Linking C executable cmTC_12cdc
/usr/bin/cmake -E cmake_link_script CMakeFiles/cmTC_12cdc.dir/link.txt --verbose=1
/usr/bin/cc  -fPIC     CMakeFiles/cmTC_12cdc.dir/CheckSymbolExists.c.o  -o cmTC_12cdc -rdynamic 
CMakeFiles/cmTC_12cdc.dir/CheckSymbolExists.c.o: In function `main':
CheckSymbolExists.c:(.text+0x14): undefined reference to `pthread_create'
CheckSymbolExists.c:(.text+0x18): undefined reference to `pthread_create'
collect2: error: ld returned 1 exit status
CMakeFiles/cmTC_12cdc.dir/build.make:97: recipe for target 'cmTC_12cdc' failed
make[1]: *** [cmTC_12cdc] Error 1
make[1]: Leaving directory '/home/nvidia/Documents/SummerResearch-2018/Facial Recognition/CMakeFiles/CMakeTmp'
Makefile:126: recipe for target 'cmTC_12cdc/fast' failed
make: *** [cmTC_12cdc/fast] Error 2

File /home/nvidia/Documents/SummerResearch-2018/Facial Recognition/CMakeFiles/CMakeTmp/CheckSymbolExists.c:
/* */
#include <pthread.h>

int main(int argc, char** argv)
{
  (void)argv;
#ifndef pthread_create
  return ((int*)(&pthread_create))[argc];
#else
  (void)argc;
  return 0;
#endif
}

Determining if the function pthread_create exists in the pthreads failed with the following output:
Change Dir: /home/nvidia/Documents/SummerResearch-2018/Facial Recognition/CMakeFiles/CMakeTmp

Run Build Command:"/usr/bin/make" "cmTC_50ca0/fast"
/usr/bin/make -f CMakeFiles/cmTC_50ca0.dir/build.make CMakeFiles/cmTC_50ca0.dir/build
make[1]: Entering directory '/home/nvidia/Documents/SummerResearch-2018/Facial Recognition/CMakeFiles/CMakeTmp'
Building C object CMakeFiles/cmTC_50ca0.dir/CheckFunctionExists.c.o
/usr/bin/cc    -fPIC -DCHECK_FUNCTION_EXISTS=pthread_create   -o CMakeFiles/cmTC_50ca0.dir/CheckFunctionExists.c.o   -c /usr/share/cmake-3.5/Modules/CheckFunctionExists.c
Linking C executable cmTC_50ca0
/usr/bin/cmake -E cmake_link_script CMakeFiles/cmTC_50ca0.dir/link.txt --verbose=1
/usr/bin/cc  -fPIC -DCHECK_FUNCTION_EXISTS=pthread_create    CMakeFiles/cmTC_50ca0.dir/CheckFunctionExists.c.o  -o cmTC_50ca0 -rdynamic -lpthreads 
/usr/bin/ld: cannot find -lpthreads
collect2: error: ld returned 1 exit status
CMakeFiles/cmTC_50ca0.dir/build.make:97: recipe for target 'cmTC_50ca0' failed
make[1]: *** [cmTC_50ca0] Error 1
make[1]: Leaving directory '/home/nvidia/Documents/SummerResearch-2018/Facial Recognition/CMakeFiles/CMakeTmp'
Makefile:126: recipe for target 'cmTC_50ca0/fast' failed
make: *** [cmTC_50ca0/fast] Error 2


Determining if the pthread_create exist failed with the following output:
Change Dir: /home/nvidia/Documents/SummerResearch-2018/Facial_Recognition/CMakeFiles/CMakeTmp

Run Build Command:"/usr/bin/make" "cmTC_27b32/fast"
/usr/bin/make -f CMakeFiles/cmTC_27b32.dir/build.make CMakeFiles/cmTC_27b32.dir/build
make[1]: Entering directory '/home/nvidia/Documents/SummerResearch-2018/Facial_Recognition/CMakeFiles/CMakeTmp'
Building C object CMakeFiles/cmTC_27b32.dir/CheckSymbolExists.c.o
/usr/bin/cc     -o CMakeFiles/cmTC_27b32.dir/CheckSymbolExists.c.o   -c /home/nvidia/Documents/SummerResearch-2018/Facial_Recognition/CMakeFiles/CMakeTmp/CheckSymbolExists.c
Linking C executable cmTC_27b32
/usr/bin/cmake -E cmake_link_script CMakeFiles/cmTC_27b32.dir/link.txt --verbose=1
/usr/bin/cc       CMakeFiles/cmTC_27b32.dir/CheckSymbolExists.c.o  -o cmTC_27b32 -rdynamic 
CMakeFiles/cmTC_27b32.dir/CheckSymbolExists.c.o: In function `main':
CheckSymbolExists.c:(.text+0x14): undefined reference to `pthread_create'
CheckSymbolExists.c:(.text+0x18): undefined reference to `pthread_create'
collect2: error: ld returned 1 exit status
CMakeFiles/cmTC_27b32.dir/build.make:97: recipe for target 'cmTC_27b32' failed
make[1]: *** [cmTC_27b32] Error 1
make[1]: Leaving directory '/home/nvidia/Documents/SummerResearch-2018/Facial_Recognition/CMakeFiles/CMakeTmp'
Makefile:126: recipe for target 'cmTC_27b32/fast' failed
make: *** [cmTC_27b32/fast] Error 2

File /home/nvidia/Documents/SummerResearch-2018/Facial_Recognition/CMakeFiles/CMakeTmp/CheckSymbolExists.c:
/* */
#include <pthread.h>

int main(int argc, char** argv)
{
  (void)argv;
#ifndef pthread_create
  return ((int*)(&pthread_create))[argc];
#else
  (void)argc;
  return 0;
#endif
}

Determining if the function pthread_create exists in the pthreads failed with the following output:
Change Dir: /home/nvidia/Documents/SummerResearch-2018/Facial_Recognition/CMakeFiles/CMakeTmp

Run Build Command:"/usr/bin/make" "cmTC_6901c/fast"
/usr/bin/make -f CMakeFiles/cmTC_6901c.dir/build.make CMakeFiles/cmTC_6901c.dir/build
make[1]: Entering directory '/home/nvidia/Documents/SummerResearch-2018/Facial_Recognition/CMakeFiles/CMakeTmp'
Building C object CMakeFiles/cmTC_6901c.dir/CheckFunctionExists.c.o
/usr/bin/cc    -DCHECK_FUNCTION_EXISTS=pthread_create   -o CMakeFiles/cmTC_6901c.dir/CheckFunctionExists.c.o   -c /usr/share/cmake-3.5/Modules/CheckFunctionExists.c
Linking C executable cmTC_6901c
/usr/bin/cmake -E cmake_link_script CMakeFiles/cmTC_6901c.dir/link.txt --verbose=1
/usr/bin/cc   -DCHECK_FUNCTION_EXISTS=pthread_create    CMakeFiles/cmTC_6901c.dir/CheckFunctionExists.c.o  -o cmTC_6901c -rdynamic -lpthreads 
/usr/bin/ld: cannot find -lpthreads
collect2: error: ld returned 1 exit status
CMakeFiles/cmTC_6901c.dir/build.make:97: recipe for target 'cmTC_6901c' failed
make[1]: *** [cmTC_6901c] Error 1
make[1]: Leaving directory '/home/nvidia/Documents/SummerResearch-2018/Facial_Recognition/CMakeFiles/CMakeTmp'
Makefile:126: recipe for target 'cmTC_6901c/fast' failed
make: *** [cmTC_6901c/fast] Error 2


Determining if the function sgesv exists failed with the following output:
Change Dir: /home/nvidia/Documents/SummerResearch-2018/Facial_Recognition/CMakeFiles/CMakeTmp

Run Build Command:"/usr/bin/make" "cmTC_a1a9b/fast"
/usr/bin/make -f CMakeFiles/cmTC_a1a9b.dir/build.make CMakeFiles/cmTC_a1a9b.dir/build
make[1]: Entering directory '/home/nvidia/Documents/SummerResearch-2018/Facial_Recognition/CMakeFiles/CMakeTmp'
Building C object CMakeFiles/cmTC_a1a9b.dir/CheckFunctionExists.c.o
/usr/bin/cc    -DCHECK_FUNCTION_EXISTS=sgesv   -o CMakeFiles/cmTC_a1a9b.dir/CheckFunctionExists.c.o   -c /usr/share/cmake-3.5/Modules/CheckFunctionExists.c
Linking C executable cmTC_a1a9b
/usr/bin/cmake -E cmake_link_script CMakeFiles/cmTC_a1a9b.dir/link.txt --verbose=1
/usr/bin/cc   -DCHECK_FUNCTION_EXISTS=sgesv    CMakeFiles/cmTC_a1a9b.dir/CheckFunctionExists.c.o  -o cmTC_a1a9b -rdynamic /usr/lib/liblapack.so 
CMakeFiles/cmTC_a1a9b.dir/CheckFunctionExists.c.o: In function `main':
CheckFunctionExists.c:(.text+0x10): undefined reference to `sgesv'
collect2: error: ld returned 1 exit status
CMakeFiles/cmTC_a1a9b.dir/build.make:98: recipe for target 'cmTC_a1a9b' failed
make[1]: *** [cmTC_a1a9b] Error 1
make[1]: Leaving directory '/home/nvidia/Documents/SummerResearch-2018/Facial_Recognition/CMakeFiles/CMakeTmp'
Makefile:126: recipe for target 'cmTC_a1a9b/fast' failed
make: *** [cmTC_a1a9b/fast] Error 2


Determining if the function sgetrf_single exists failed with the following output:
Change Dir: /home/nvidia/Documents/SummerResearch-2018/Facial_Recognition/CMakeFiles/CMakeTmp

Run Build Command:"/usr/bin/make" "cmTC_4ed28/fast"
make[1]: Entering directory '/home/nvidia/Documents/SummerResearch-2018/Facial_Recognition/CMakeFiles/CMakeTmp'
/usr/bin/make -f CMakeFiles/cmTC_4ed28.dir/build.make CMakeFiles/cmTC_4ed28.dir/build
make[2]: Entering directory '/home/nvidia/Documents/SummerResearch-2018/Facial_Recognition/CMakeFiles/CMakeTmp'
Building C object CMakeFiles/cmTC_4ed28.dir/CheckFunctionExists.c.o
/usr/bin/cc    -DCHECK_FUNCTION_EXISTS=sgetrf_single   -o CMakeFiles/cmTC_4ed28.dir/CheckFunctionExists.c.o   -c /usr/share/cmake-3.5/Modules/CheckFunctionExists.c
Linking C executable cmTC_4ed28
/usr/bin/cmake -E cmake_link_script CMakeFiles/cmTC_4ed28.dir/link.txt --verbose=1
/usr/bin/cc   -DCHECK_FUNCTION_EXISTS=sgetrf_single    CMakeFiles/cmTC_4ed28.dir/CheckFunctionExists.c.o  -o cmTC_4ed28 -rdynamic /usr/lib/libcblas.so 
CMakeFiles/cmTC_4ed28.dir/CheckFunctionExists.c.o: In function `main':
CheckFunctionExists.c:(.text+0x10): undefined reference to `sgetrf_single'
collect2: error: ld returned 1 exit status
CMakeFiles/cmTC_4ed28.dir/build.make:98: recipe for target 'cmTC_4ed28' failed
make[2]: *** [cmTC_4ed28] Error 1
make[2]: Leaving directory '/home/nvidia/Documents/SummerResearch-2018/Facial_Recognition/CMakeFiles/CMakeTmp'
Makefile:126: recipe for target 'cmTC_4ed28/fast' failed
make[1]: *** [cmTC_4ed28/fast] Error 2
make[1]: Leaving directory '/home/nvidia/Documents/SummerResearch-2018/Facial_Recognition/CMakeFiles/CMakeTmp'


