Determining if the pthread_create exist failed with the following output:
Change Dir: /home/nvidia/Documents/SummerResearch-2018/tutorial/HOG/CMakeFiles/CMakeTmp

Run Build Command:"/usr/bin/make" "cmTC_6699c/fast"
/usr/bin/make -f CMakeFiles/cmTC_6699c.dir/build.make CMakeFiles/cmTC_6699c.dir/build
make[1]: Entering directory '/home/nvidia/Documents/SummerResearch-2018/tutorial/HOG/CMakeFiles/CMakeTmp'
Building C object CMakeFiles/cmTC_6699c.dir/CheckSymbolExists.c.o
/usr/bin/cc    -fPIC    -o CMakeFiles/cmTC_6699c.dir/CheckSymbolExists.c.o   -c /home/nvidia/Documents/SummerResearch-2018/tutorial/HOG/CMakeFiles/CMakeTmp/CheckSymbolExists.c
Linking C executable cmTC_6699c
/usr/bin/cmake -E cmake_link_script CMakeFiles/cmTC_6699c.dir/link.txt --verbose=1
/usr/bin/cc  -fPIC     CMakeFiles/cmTC_6699c.dir/CheckSymbolExists.c.o  -o cmTC_6699c -rdynamic 
CMakeFiles/cmTC_6699c.dir/CheckSymbolExists.c.o: In function `main':
CheckSymbolExists.c:(.text+0x14): undefined reference to `pthread_create'
CheckSymbolExists.c:(.text+0x18): undefined reference to `pthread_create'
collect2: error: ld returned 1 exit status
CMakeFiles/cmTC_6699c.dir/build.make:97: recipe for target 'cmTC_6699c' failed
make[1]: *** [cmTC_6699c] Error 1
make[1]: Leaving directory '/home/nvidia/Documents/SummerResearch-2018/tutorial/HOG/CMakeFiles/CMakeTmp'
Makefile:126: recipe for target 'cmTC_6699c/fast' failed
make: *** [cmTC_6699c/fast] Error 2

File /home/nvidia/Documents/SummerResearch-2018/tutorial/HOG/CMakeFiles/CMakeTmp/CheckSymbolExists.c:
/* */
#include <pthread.h>

int main(int argc, char** argv)
{
  (void)argv;
#ifndef pthread_create
  return ((int*)(&pthread_create))[argc];
#else
  (void)argc;
  return 0;
#endif
}

Determining if the function pthread_create exists in the pthreads failed with the following output:
Change Dir: /home/nvidia/Documents/SummerResearch-2018/tutorial/HOG/CMakeFiles/CMakeTmp

Run Build Command:"/usr/bin/make" "cmTC_0b67d/fast"
/usr/bin/make -f CMakeFiles/cmTC_0b67d.dir/build.make CMakeFiles/cmTC_0b67d.dir/build
make[1]: Entering directory '/home/nvidia/Documents/SummerResearch-2018/tutorial/HOG/CMakeFiles/CMakeTmp'
Building C object CMakeFiles/cmTC_0b67d.dir/CheckFunctionExists.c.o
/usr/bin/cc    -fPIC -DCHECK_FUNCTION_EXISTS=pthread_create   -o CMakeFiles/cmTC_0b67d.dir/CheckFunctionExists.c.o   -c /usr/share/cmake-3.5/Modules/CheckFunctionExists.c
Linking C executable cmTC_0b67d
/usr/bin/cmake -E cmake_link_script CMakeFiles/cmTC_0b67d.dir/link.txt --verbose=1
/usr/bin/cc  -fPIC -DCHECK_FUNCTION_EXISTS=pthread_create    CMakeFiles/cmTC_0b67d.dir/CheckFunctionExists.c.o  -o cmTC_0b67d -rdynamic -lpthreads 
/usr/bin/ld: cannot find -lpthreads
collect2: error: ld returned 1 exit status
CMakeFiles/cmTC_0b67d.dir/build.make:97: recipe for target 'cmTC_0b67d' failed
make[1]: *** [cmTC_0b67d] Error 1
make[1]: Leaving directory '/home/nvidia/Documents/SummerResearch-2018/tutorial/HOG/CMakeFiles/CMakeTmp'
Makefile:126: recipe for target 'cmTC_0b67d/fast' failed
make: *** [cmTC_0b67d/fast] Error 2


Determining if the function sgesv exists failed with the following output:
Change Dir: /home/nvidia/Documents/SummerResearch-2018/tutorial/HOG/CMakeFiles/CMakeTmp

Run Build Command:"/usr/bin/make" "cmTC_40c69/fast"
/usr/bin/make -f CMakeFiles/cmTC_40c69.dir/build.make CMakeFiles/cmTC_40c69.dir/build
make[1]: Entering directory '/home/nvidia/Documents/SummerResearch-2018/tutorial/HOG/CMakeFiles/CMakeTmp'
Building C object CMakeFiles/cmTC_40c69.dir/CheckFunctionExists.c.o
/usr/bin/cc    -DCHECK_FUNCTION_EXISTS=sgesv   -o CMakeFiles/cmTC_40c69.dir/CheckFunctionExists.c.o   -c /usr/share/cmake-3.5/Modules/CheckFunctionExists.c
Linking C executable cmTC_40c69
/usr/bin/cmake -E cmake_link_script CMakeFiles/cmTC_40c69.dir/link.txt --verbose=1
/usr/bin/cc   -DCHECK_FUNCTION_EXISTS=sgesv    CMakeFiles/cmTC_40c69.dir/CheckFunctionExists.c.o  -o cmTC_40c69 -rdynamic /usr/lib/liblapack.so 
CMakeFiles/cmTC_40c69.dir/CheckFunctionExists.c.o: In function `main':
CheckFunctionExists.c:(.text+0x10): undefined reference to `sgesv'
collect2: error: ld returned 1 exit status
CMakeFiles/cmTC_40c69.dir/build.make:98: recipe for target 'cmTC_40c69' failed
make[1]: *** [cmTC_40c69] Error 1
make[1]: Leaving directory '/home/nvidia/Documents/SummerResearch-2018/tutorial/HOG/CMakeFiles/CMakeTmp'
Makefile:126: recipe for target 'cmTC_40c69/fast' failed
make: *** [cmTC_40c69/fast] Error 2


Determining if the function sgetrf_single exists failed with the following output:
Change Dir: /home/nvidia/Documents/SummerResearch-2018/tutorial/HOG/CMakeFiles/CMakeTmp

Run Build Command:"/usr/bin/make" "cmTC_ea027/fast"
/usr/bin/make -f CMakeFiles/cmTC_ea027.dir/build.make CMakeFiles/cmTC_ea027.dir/build
make[1]: Entering directory '/home/nvidia/Documents/SummerResearch-2018/tutorial/HOG/CMakeFiles/CMakeTmp'
Building C object CMakeFiles/cmTC_ea027.dir/CheckFunctionExists.c.o
/usr/bin/cc    -DCHECK_FUNCTION_EXISTS=sgetrf_single   -o CMakeFiles/cmTC_ea027.dir/CheckFunctionExists.c.o   -c /usr/share/cmake-3.5/Modules/CheckFunctionExists.c
Linking C executable cmTC_ea027
/usr/bin/cmake -E cmake_link_script CMakeFiles/cmTC_ea027.dir/link.txt --verbose=1
/usr/bin/cc   -DCHECK_FUNCTION_EXISTS=sgetrf_single    CMakeFiles/cmTC_ea027.dir/CheckFunctionExists.c.o  -o cmTC_ea027 -rdynamic /usr/lib/libcblas.so 
CMakeFiles/cmTC_ea027.dir/CheckFunctionExists.c.o: In function `main':
CheckFunctionExists.c:(.text+0x10): undefined reference to `sgetrf_single'
collect2: error: ld returned 1 exit status
CMakeFiles/cmTC_ea027.dir/build.make:98: recipe for target 'cmTC_ea027' failed
make[1]: *** [cmTC_ea027] Error 1
make[1]: Leaving directory '/home/nvidia/Documents/SummerResearch-2018/tutorial/HOG/CMakeFiles/CMakeTmp'
Makefile:126: recipe for target 'cmTC_ea027/fast' failed
make: *** [cmTC_ea027/fast] Error 2


