Determining if the pthread_create exist failed with the following output:
Change Dir: /home/nvidia/Documents/SummerResearch-2018/tutorial/CascadeClassifier/CMakeFiles/CMakeTmp

Run Build Command:"/usr/bin/make" "cmTC_3480d/fast"
/usr/bin/make -f CMakeFiles/cmTC_3480d.dir/build.make CMakeFiles/cmTC_3480d.dir/build
make[1]: Entering directory '/home/nvidia/Documents/SummerResearch-2018/tutorial/CascadeClassifier/CMakeFiles/CMakeTmp'
Building C object CMakeFiles/cmTC_3480d.dir/CheckSymbolExists.c.o
/usr/bin/cc    -fPIC    -o CMakeFiles/cmTC_3480d.dir/CheckSymbolExists.c.o   -c /home/nvidia/Documents/SummerResearch-2018/tutorial/CascadeClassifier/CMakeFiles/CMakeTmp/CheckSymbolExists.c
Linking C executable cmTC_3480d
/usr/bin/cmake -E cmake_link_script CMakeFiles/cmTC_3480d.dir/link.txt --verbose=1
/usr/bin/cc  -fPIC     CMakeFiles/cmTC_3480d.dir/CheckSymbolExists.c.o  -o cmTC_3480d -rdynamic 
CMakeFiles/cmTC_3480d.dir/CheckSymbolExists.c.o: In function `main':
CheckSymbolExists.c:(.text+0x14): undefined reference to `pthread_create'
CheckSymbolExists.c:(.text+0x18): undefined reference to `pthread_create'
collect2: error: ld returned 1 exit status
CMakeFiles/cmTC_3480d.dir/build.make:97: recipe for target 'cmTC_3480d' failed
make[1]: *** [cmTC_3480d] Error 1
make[1]: Leaving directory '/home/nvidia/Documents/SummerResearch-2018/tutorial/CascadeClassifier/CMakeFiles/CMakeTmp'
Makefile:126: recipe for target 'cmTC_3480d/fast' failed
make: *** [cmTC_3480d/fast] Error 2

File /home/nvidia/Documents/SummerResearch-2018/tutorial/CascadeClassifier/CMakeFiles/CMakeTmp/CheckSymbolExists.c:
/* */
#include <pthread.h>

int main(int argc, char** argv)
{
  (void)argv;
#ifndef pthread_create
  return ((int*)(&pthread_create))[argc];
#else
  (void)argc;
  return 0;
#endif
}

Determining if the function pthread_create exists in the pthreads failed with the following output:
Change Dir: /home/nvidia/Documents/SummerResearch-2018/tutorial/CascadeClassifier/CMakeFiles/CMakeTmp

Run Build Command:"/usr/bin/make" "cmTC_dd1b0/fast"
/usr/bin/make -f CMakeFiles/cmTC_dd1b0.dir/build.make CMakeFiles/cmTC_dd1b0.dir/build
make[1]: Entering directory '/home/nvidia/Documents/SummerResearch-2018/tutorial/CascadeClassifier/CMakeFiles/CMakeTmp'
Building C object CMakeFiles/cmTC_dd1b0.dir/CheckFunctionExists.c.o
/usr/bin/cc    -fPIC -DCHECK_FUNCTION_EXISTS=pthread_create   -o CMakeFiles/cmTC_dd1b0.dir/CheckFunctionExists.c.o   -c /usr/share/cmake-3.5/Modules/CheckFunctionExists.c
Linking C executable cmTC_dd1b0
/usr/bin/cmake -E cmake_link_script CMakeFiles/cmTC_dd1b0.dir/link.txt --verbose=1
/usr/bin/cc  -fPIC -DCHECK_FUNCTION_EXISTS=pthread_create    CMakeFiles/cmTC_dd1b0.dir/CheckFunctionExists.c.o  -o cmTC_dd1b0 -rdynamic -lpthreads 
/usr/bin/ld: cannot find -lpthreads
collect2: error: ld returned 1 exit status
CMakeFiles/cmTC_dd1b0.dir/build.make:97: recipe for target 'cmTC_dd1b0' failed
make[1]: *** [cmTC_dd1b0] Error 1
make[1]: Leaving directory '/home/nvidia/Documents/SummerResearch-2018/tutorial/CascadeClassifier/CMakeFiles/CMakeTmp'
Makefile:126: recipe for target 'cmTC_dd1b0/fast' failed
make: *** [cmTC_dd1b0/fast] Error 2


